<?xml version="1.0" encoding="UTF-8"?>
<robot generator="Robot 7.1.1 (Python 3.12.5 on win32)" generated="2025-01-12T10:51:11.416943" rpa="false" schemaversion="5">
<suite id="s1" name="RobotFramework" source="C:\Users\USER\PycharmProjects\RobotFramework">
<suite id="s1-s1" name="Tests" source="C:\Users\USER\PycharmProjects\RobotFramework\Tests">
<suite id="s1-s1-s1" name="WebDriverIO Tests" source="C:\Users\USER\PycharmProjects\RobotFramework\Tests\WebDriverIO_Tests">
<suite id="s1-s1-s1-s1" name="Test" source="C:\Users\USER\PycharmProjects\RobotFramework\Tests\WebDriverIO_Tests\test.robot">
<test id="s1-s1-s1-s1-t1" name="Successful login with credentials" line="17">
<kw name="Open Test Application">
<msg time="2025-01-12T10:51:11.551948" level="FAIL">No keyword with name 'Open Test Application' found. Did you mean:
    AppiumLibrary.Open Application</msg>
<status status="FAIL" start="2025-01-12T10:51:11.551948" elapsed="0.000000">No keyword with name 'Open Test Application' found. Did you mean:
    AppiumLibrary.Open Application</status>
</kw>
<kw name="Wait Until Element Is Visible" owner="AppiumLibrary">
<arg>${LOGIN_LOCATOR}</arg>
<arg>10 seconds</arg>
<arg>locator wasnt displayed</arg>
<doc>Waits until element specified with `locator` is visible.</doc>
<status status="NOT RUN" start="2025-01-12T10:51:11.551948" elapsed="0.000000"/>
</kw>
<kw name="Click Element" owner="AppiumLibrary">
<arg>${LOGIN_LOCATOR}</arg>
<doc>Click element identified by `locator`.</doc>
<status status="NOT RUN" start="2025-01-12T10:51:11.551948" elapsed="0.000000"/>
</kw>
<kw name="Wait Until Element Is Visible" owner="AppiumLibrary">
<arg>${EMAIL_LOCATOR}</arg>
<arg>10 seconds</arg>
<doc>Waits until element specified with `locator` is visible.</doc>
<status status="NOT RUN" start="2025-01-12T10:51:11.551948" elapsed="0.000000"/>
</kw>
<kw name="Input Text" owner="AppiumLibrary">
<arg>${EMAIL_LOCATOR}</arg>
<arg>${LOGIN_EMAIL}</arg>
<doc>Types the given `text` into text field identified by `locator`.</doc>
<status status="NOT RUN" start="2025-01-12T10:51:11.552947" elapsed="0.000000"/>
</kw>
<kw name="Wait Until Element Is Visible" owner="AppiumLibrary">
<arg>${PASSWORD_LOCATOR}</arg>
<arg>10 seconds</arg>
<doc>Waits until element specified with `locator` is visible.</doc>
<status status="NOT RUN" start="2025-01-12T10:51:11.552947" elapsed="0.000000"/>
</kw>
<kw name="Input Password" owner="AppiumLibrary">
<arg>${PASSWORD_LOCATOR}</arg>
<arg>${LOGIN_PASS}</arg>
<doc>Types the given password into text field identified by `locator`.</doc>
<status status="NOT RUN" start="2025-01-12T10:51:11.552947" elapsed="0.000000"/>
</kw>
<kw name="Wait Until Element Is Visible" owner="AppiumLibrary">
<arg>${LOGIN_BUTTON}</arg>
<arg>10 seconds</arg>
<doc>Waits until element specified with `locator` is visible.</doc>
<status status="NOT RUN" start="2025-01-12T10:51:11.552947" elapsed="0.000000"/>
</kw>
<kw name="Click Element" owner="AppiumLibrary">
<arg>${LOGIN_BUTTON}</arg>
<doc>Click element identified by `locator`.</doc>
<status status="NOT RUN" start="2025-01-12T10:51:11.552947" elapsed="0.000000"/>
</kw>
<kw name="Wait Until Element Is Visible" owner="AppiumLibrary">
<arg>${SUCCESS_MESSAGE}</arg>
<arg>10 seconds</arg>
<doc>Waits until element specified with `locator` is visible.</doc>
<status status="NOT RUN" start="2025-01-12T10:51:11.552947" elapsed="0.000000"/>
</kw>
<kw name="Element Text Should Be" owner="AppiumLibrary">
<arg>${SUCCESS_MESSAGE}</arg>
<arg>You are logged in!</arg>
<doc>Verifies element identified by ``locator`` exactly contains text ``expected``.</doc>
<status status="NOT RUN" start="2025-01-12T10:51:11.552947" elapsed="0.000000"/>
</kw>
<kw name="Close Application" owner="AppiumLibrary">
<doc>Closes the current application and also close webdriver session.</doc>
<status status="NOT RUN" start="2025-01-12T10:51:11.554451" elapsed="0.000000"/>
</kw>
<tag>first_test</tag>
<status status="FAIL" start="2025-01-12T10:51:11.550991" elapsed="0.003460">No keyword with name 'Open Test Application' found. Did you mean:
    AppiumLibrary.Open Application</status>
</test>
<status status="FAIL" start="2025-01-12T10:51:11.447905" elapsed="0.107551"/>
</suite>
<status status="FAIL" start="2025-01-12T10:51:11.447015" elapsed="0.108441"/>
</suite>
<status status="FAIL" start="2025-01-12T10:51:11.445908" elapsed="0.110548"/>
</suite>
<status status="FAIL" start="2025-01-12T10:51:11.419051" elapsed="0.138410"/>
</suite>
<statistics>
<total>
<stat pass="0" fail="1" skip="0">All Tests</stat>
</total>
<tag>
<stat pass="0" fail="1" skip="0">first_test</stat>
</tag>
<suite>
<stat pass="0" fail="1" skip="0" id="s1" name="RobotFramework">RobotFramework</stat>
<stat pass="0" fail="1" skip="0" id="s1-s1" name="Tests">RobotFramework.Tests</stat>
<stat pass="0" fail="1" skip="0" id="s1-s1-s1" name="WebDriverIO Tests">RobotFramework.Tests.WebDriverIO Tests</stat>
<stat pass="0" fail="1" skip="0" id="s1-s1-s1-s1" name="Test">RobotFramework.Tests.WebDriverIO Tests.Test</stat>
</suite>
</statistics>
<errors>
<msg time="2025-01-12T10:51:11.448904" level="ERROR">Error in file 'C:\Users\USER\PycharmProjects\RobotFramework\Tests\WebDriverIO_Tests\test.robot' on line 2: Resource file 'Configs\Keywords.robot' does not exist.</msg>
<msg time="2025-01-12T10:51:11.449906" level="ERROR">Error in file 'C:\Users\USER\PycharmProjects\RobotFramework\Tests\WebDriverIO_Tests\test.robot' on line 3: Resource file 'Pages\WebDriverIO_Pages\Main_Page.robot' does not exist.</msg>
<msg time="2025-01-12T10:51:11.451063" level="ERROR">Error in file 'C:\Users\USER\PycharmProjects\RobotFramework\Tests\WebDriverIO_Tests\test.robot' on line 4: Resource file 'Pages\WebDriverIO_Pages\Login_Page.robot' does not exist.</msg>
<msg time="2025-01-12T10:51:11.452068" level="ERROR">Error in file 'C:\Users\USER\PycharmProjects\RobotFramework\Tests\WebDriverIO_Tests\test.robot' on line 5: Resource file 'Pages\WebDriverIO_Pages\WebView_Page.robot' does not exist.</msg>
<msg time="2025-01-12T10:51:11.453068" level="ERROR">Error in file 'C:\Users\USER\PycharmProjects\RobotFramework\Tests\WebDriverIO_Tests\test.robot' on line 6: Resource file 'Pages\WebDriverIO_Pages\Forms_Page.robot' does not exist.</msg>
<msg time="2025-01-12T10:51:11.453068" level="ERROR">Error in file 'C:\Users\USER\PycharmProjects\RobotFramework\Tests\WebDriverIO_Tests\test.robot' on line 7: Resource file 'Pages\WebDriverIO_Pages\DragAndDrop_Page.robot' does not exist.</msg>
<msg time="2025-01-12T10:51:11.453068" level="ERROR">Error in file 'C:\Users\USER\PycharmProjects\RobotFramework\Tests\WebDriverIO_Tests\test.robot' on line 8: Resource file 'Pages\WebDriverIO_Pages\Swipe_Page.robot' does not exist.</msg>
<msg time="2025-01-12T10:51:11.453068" level="ERROR">Error in file 'C:\Users\USER\PycharmProjects\RobotFramework\Tests\WebDriverIO_Tests\test.robot' on line 9: Resource file 'Configs\Variables.robot' does not exist.</msg>
</errors>
</robot>
